<?xml version="1.0" encoding="UTF-8"?>
<!-- Generated by org.testng.reporters.JUnitReportReporter -->
<testsuite hostname="DESKTOP-6Q36UJF" failures="0" tests="3" name="testNG_Tests.test.xmlFile_Group.xmlFile_Group" time="1.303" errors="0" timestamp="2024-02-22T14:51:49 TRT" skipped="0">
  <testcase classname="testNG_Tests.test.xmlFile_Group.xmlFile_Group" name="testName3" time="0.001"/>
  <system-out/>
  <testcase classname="testNG_Tests.test.xmlFile_Group.xmlFile_Group" name="testName2" time="0.002"/>
  <system-out/>
  <testcase classname="testNG_Tests.test.xmlFile_Group.xmlFile_Group" name="testName1" time="1.300"/>
  <system-out/>
</testsuite> <!-- testNG_Tests.test.xmlFile_Group.xmlFile_Group -->
