<?xml version="1.0" encoding="UTF-8"?>
<!-- Generated by org.testng.reporters.JUnitReportReporter -->
<testsuite hostname="DESKTOP-6Q36UJF" failures="0" tests="3" name="testNG_Tests.test.xmlFile_Group_Loop.Group" time="2.918" errors="0" timestamp="2024-02-23T12:12:11 TRT" skipped="0">
  <testcase classname="testNG_Tests.test.xmlFile_Group_Loop.Group" name="testName2" time="0.002"/>
  <system-out/>
  <testcase classname="testNG_Tests.test.xmlFile_Group_Loop.Group" name="testName3" time="0.303"/>
  <system-out/>
  <testcase classname="testNG_Tests.test.xmlFile_Group_Loop.Group" name="testName1" time="2.613"/>
  <system-out/>
</testsuite> <!-- testNG_Tests.test.xmlFile_Group_Loop.Group -->
